
> @workspace/civil-legacy@0.0.0 build C:\Users\wayne\Documents\civil legacy\CivilLegacyWebsite\apps\civil-legacy
> vite build --config vite.config.ts

node:internal/modules/esm/resolve:205
  const resolvedOption = FSLegacyMainResolve(pkgPath, packageConfig.main, baseStringified);
                         ^

Error: Cannot find package 'C:\Users\wayne\Documents\civil legacy\CivilLegacyWebsite\node_modules\.pnpm\vite@7.3.1_@types+node@25.3_847d3f1dfd8a5a4dca3b40dafc2c9d32\node_modules\esbuild\index.js' imported from C:\Users\wayne\Documents\civil legacy\CivilLegacyWebsite\node_modules\.pnpm\vite@7.3.1_@types+node@25.3_847d3f1dfd8a5a4dca3b40dafc2c9d32\node_modules\vite\dist\node\chunks\config.js
    at legacyMainResolve (node:internal/modules/esm/resolve:205:26)
    at packageResolve (node:internal/modules/esm/resolve:779:12)
    at moduleResolve (node:internal/modules/esm/resolve:860:18)
    at defaultResolve (node:internal/modules/esm/resolve:992:11)
    at #cachedDefaultResolve (node:internal/modules/esm/loader:719:20)
    at #resolveAndMaybeBlockOnLoaderThread (node:internal/modules/esm/loader:736:38)
    at ModuleLoader.resolveSync (node:internal/modules/esm/loader:765:52)
    at #resolve (node:internal/modules/esm/loader:701:17)
    at ModuleLoader.getOrCreateModuleJob (node:internal/modules/esm/loader:621:35)
    at ModuleJob.syncLink (node:internal/modules/esm/module_job:160:33) {
  code: 'ERR_MODULE_NOT_FOUND'
}

Node.js v24.13.1
 ELIFECYCLE  Command failed with exit code 1.
