
> @workspace/civil-legacy@0.0.0 dev C:\Users\wayne\Documents\civil legacy\CivilLegacyWebsite\artifacts\civil-legacy
> vite --config vite.config.ts --host 0.0.0.0

C:\Users\wayne\Documents\civil legacy\CivilLegacyWebsite\node_modules\.pnpm\rollup@4.59.0\node_modules\rollup\dist\native.js:115
		throw new Error(
		      ^

Error: Cannot find module @rollup/rollup-win32-x64-msvc. npm has a bug related to optional dependencies (https://github.com/npm/cli/issues/4828). Please try `npm i` again after removing both package-lock.json and node_modules directory.
    at requireWithFriendlyError (C:\Users\wayne\Documents\civil legacy\CivilLegacyWebsite\node_modules\.pnpm\rollup@4.59.0\node_modules\rollup\dist\native.js:115:9)
    at Object.<anonymous> (C:\Users\wayne\Documents\civil legacy\CivilLegacyWebsite\node_modules\.pnpm\rollup@4.59.0\node_modules\rollup\dist\native.js:124:76)
    at Module._compile (node:internal/modules/cjs/loader:1804:14)
    at Object..js (node:internal/modules/cjs/loader:1936:10)
    at Module.load (node:internal/modules/cjs/loader:1525:32)
    at Module._load (node:internal/modules/cjs/loader:1327:12)
    at TracingChannel.traceSync (node:diagnostics_channel:328:14)
    at wrapModuleLoad (node:internal/modules/cjs/loader:245:24)
    at loadCJSModuleWithModuleLoad (node:internal/modules/esm/translators:339:3)
    at ModuleWrap.<anonymous> (node:internal/modules/esm/translators:242:7) {
  [cause]: Error: Cannot find module '@rollup/rollup-win32-x64-msvc'
  Require stack:
  - C:\Users\wayne\Documents\civil legacy\CivilLegacyWebsite\node_modules\.pnpm\rollup@4.59.0\node_modules\rollup\dist\native.js
      at Module._resolveFilename (node:internal/modules/cjs/loader:1448:15)
      at defaultResolveImpl (node:internal/modules/cjs/loader:1059:19)
      at resolveForCJSWithHooks (node:internal/modules/cjs/loader:1064:22)
      at Module._load (node:internal/modules/cjs/loader:1234:25)
      at TracingChannel.traceSync (node:diagnostics_channel:328:14)
      at wrapModuleLoad (node:internal/modules/cjs/loader:245:24)
      at Module.require (node:internal/modules/cjs/loader:1548:12)
      at require (node:internal/modules/helpers:152:16)
      at requireWithFriendlyError (C:\Users\wayne\Documents\civil legacy\CivilLegacyWebsite\node_modules\.pnpm\rollup@4.59.0\node_modules\rollup\dist\native.js:97:10)
      at Object.<anonymous> (C:\Users\wayne\Documents\civil legacy\CivilLegacyWebsite\node_modules\.pnpm\rollup@4.59.0\node_modules\rollup\dist\native.js:124:76) {
    code: 'MODULE_NOT_FOUND',
    requireStack: [
      'C:\\Users\\wayne\\Documents\\civil legacy\\CivilLegacyWebsite\\node_modules\\.pnpm\\rollup@4.59.0\\node_modules\\rollup\\dist\\native.js'
    ]
  }
}

Node.js v24.13.1
 ELIFECYCLE  Command failed with exit code 1.
